<?xml version="1.0" encoding="UTF-8"?>
<coverage generated="1658245642699" clover="3.2.0">
  <project timestamp="1658245642699" name="All files">
    <metrics statements="41" coveredstatements="27" conditionals="4" coveredconditionals="3" methods="12" coveredmethods="7" elements="57" coveredelements="37" complexity="0" loc="41" ncloc="41" packages="1" files="3" classes="3"/>
    <file name="Details.tsx" path="E:\REACT-NATIVE\weather-app\src\Details.tsx">
      <metrics statements="34" coveredstatements="20" conditionals="4" coveredconditionals="3" methods="9" coveredmethods="4"/>
      <line num="17" count="1" type="stmt"/>
      <line num="18" count="2" type="stmt"/>
      <line num="19" count="2" type="stmt"/>
      <line num="20" count="2" type="stmt"/>
      <line num="21" count="2" type="stmt"/>
      <line num="22" count="2" type="stmt"/>
      <line num="23" count="2" type="stmt"/>
      <line num="24" count="2" type="stmt"/>
      <line num="26" count="2" type="stmt"/>
      <line num="28" count="2" type="stmt"/>
      <line num="29" count="0" type="stmt"/>
      <line num="30" count="0" type="stmt"/>
      <line num="31" count="0" type="stmt"/>
      <line num="34" count="0" type="stmt"/>
      <line num="35" count="0" type="stmt"/>
      <line num="37" count="0" type="stmt"/>
      <line num="39" count="0" type="stmt"/>
      <line num="43" count="2" type="stmt"/>
      <line num="44" count="1" type="stmt"/>
      <line num="45" count="1" type="stmt"/>
      <line num="46" count="1" type="stmt"/>
      <line num="49" count="0" type="stmt"/>
      <line num="50" count="0" type="stmt"/>
      <line num="52" count="1" type="stmt"/>
      <line num="54" count="1" type="stmt"/>
      <line num="58" count="2" type="stmt"/>
      <line num="59" count="1" type="stmt"/>
      <line num="62" count="2" type="stmt"/>
      <line num="69" count="0" type="stmt"/>
      <line num="78" count="0" type="stmt"/>
      <line num="89" count="0" type="stmt"/>
      <line num="90" count="0" type="stmt"/>
      <line num="110" count="2" type="stmt"/>
      <line num="130" count="0" type="stmt"/>
    </file>
    <file name="Main.tsx" path="E:\REACT-NATIVE\weather-app\src\Main.tsx">
      <metrics statements="6" coveredstatements="6" conditionals="0" coveredconditionals="0" methods="3" coveredmethods="3"/>
      <line num="8" count="1" type="stmt"/>
      <line num="9" count="3" type="stmt"/>
      <line num="10" count="2" type="stmt"/>
      <line num="12" count="2" type="stmt"/>
      <line num="22" count="1" type="stmt"/>
      <line num="32" count="1" type="stmt"/>
    </file>
    <file name="style.ts" path="E:\REACT-NATIVE\weather-app\src\style.ts">
      <metrics statements="1" coveredstatements="1" conditionals="0" coveredconditionals="0" methods="0" coveredmethods="0"/>
      <line num="3" count="2" type="stmt"/>
    </file>
  </project>
</coverage>
