TN:
SF:src\Details.tsx
FN:17,(anonymous_0)
FN:28,(anonymous_1)
FN:43,(anonymous_2)
FN:58,(anonymous_3)
FN:69,(anonymous_4)
FN:77,(anonymous_5)
FN:88,(anonymous_6)
FN:109,(anonymous_7)
FN:130,(anonymous_8)
FNF:9
FNH:4
FNDA:2,(anonymous_0)
FNDA:0,(anonymous_1)
FNDA:1,(anonymous_2)
FNDA:1,(anonymous_3)
FNDA:0,(anonymous_4)
FNDA:0,(anonymous_5)
FNDA:0,(anonymous_6)
FNDA:2,(anonymous_7)
FNDA:0,(anonymous_8)
DA:17,1
DA:18,2
DA:19,2
DA:20,2
DA:21,2
DA:22,2
DA:23,2
DA:24,2
DA:26,2
DA:28,2
DA:29,0
DA:30,0
DA:31,0
DA:34,0
DA:35,0
DA:37,0
DA:39,0
DA:43,2
DA:44,1
DA:45,1
DA:46,1
DA:49,0
DA:50,0
DA:52,1
DA:54,1
DA:58,2
DA:59,1
DA:62,2
DA:69,0
DA:78,0
DA:89,0
DA:90,0
DA:110,2
DA:130,0
LF:34
LH:20
BRDA:112,0,0,0
BRDA:112,0,1,2
BRDA:114,1,0,1
BRDA:114,1,1,1
BRF:4
BRH:3
end_of_record
TN:
SF:src\Main.tsx
FN:8,(anonymous_0)
FN:21,(anonymous_1)
FN:31,(anonymous_2)
FNF:3
FNH:3
FNDA:3,(anonymous_0)
FNDA:1,(anonymous_1)
FNDA:1,(anonymous_2)
DA:8,1
DA:9,3
DA:10,2
DA:12,2
DA:22,1
DA:32,1
LF:6
LH:6
BRF:0
BRH:0
end_of_record
TN:
SF:src\style.ts
FNF:0
FNH:0
DA:3,2
LF:1
LH:1
BRF:0
BRH:0
end_of_record
